huanxin/build/outputs/logs/manifest-merger-debug-report.txt
-- Merging decision tree log ---
manifest
ADDED from src\main\AndroidManifest.xml:2:1-396:12
INJECTED from src\main\AndroidManifest.xml:2:1-396:12
INJECTED from src\main\AndroidManifest.xml:2:1-396:12
INJECTED from src\main\AndroidManifest.xml:2:1-396:12
INJECTED from src\main\AndroidManifest.xml:2:1-396:12
INJECTED from src\main\AndroidManifest.xml:2:1-396:12
INJECTED from src\main\AndroidManifest.xml:2:1-396:12
	package
		ADDED from src\main\AndroidManifest.xml:4:5-39
		INJECTED from src\main\AndroidManifest.xml
		INJECTED from src\main\AndroidManifest.xml
	android:versionName
		ADDED from src\main\AndroidManifest.xml:6:5-32
		INJECTED from src\main\AndroidManifest.xml
		INJECTED from src\main\AndroidManifest.xml
	xmlns:tools
		ADDED from src\main\AndroidManifest.xml:3:5-51
	xmlns:android
		ADDED from src\main\AndroidManifest.xml:2:11-69
	android:versionCode
		ADDED from src\main\AndroidManifest.xml:5:5-29
		INJECTED from src\main\AndroidManifest.xml
		INJECTED from src\main\AndroidManifest.xml
application
ADDED from src\main\AndroidManifest.xml:9:5-394:19
activity#com.hyphenate.chatuidemo.ui.MainActivity
ADDED from src\main\AndroidManifest.xml:10:9-15:55
	android:screenOrientation
		ADDED from src\main\AndroidManifest.xml:13:13-49
	android:launchMode
		ADDED from src\main\AndroidManifest.xml:12:13-44
	android:windowSoftInputMode
		ADDED from src\main\AndroidManifest.xml:15:13-52
	android:theme
		ADDED from src\main\AndroidManifest.xml:14:13-52
	android:name
		ADDED from src\main\AndroidManifest.xml:11:13-44
activity#com.hyphenate.chatuidemo.ui.SplashActivity
ADDED from src\main\AndroidManifest.xml:18:9-23:20
	android:screenOrientation
		ADDED from src\main\AndroidManifest.xml:20:13-49
	android:theme
		ADDED from src\main\AndroidManifest.xml:21:13-52
	android:name
		ADDED from src\main\AndroidManifest.xml:19:13-46
activity#com.hyphenate.chatuidemo.ui.LoginActivity
ADDED from src\main\AndroidManifest.xml:26:9-30:71
	android:screenOrientation
		ADDED from src\main\AndroidManifest.xml:28:13-49
	android:windowSoftInputMode
		ADDED from src\main\AndroidManifest.xml:30:13-68
	android:theme
		ADDED from src\main\AndroidManifest.xml:29:13-52
	android:name
		ADDED from src\main\AndroidManifest.xml:27:13-45
activity#com.hyphenate.chatuidemo.ui.ServiceCheckActivity
ADDED from src\main\AndroidManifest.xml:33:9-37:71
	android:screenOrientation
		ADDED from src\main\AndroidManifest.xml:35:13-49
	android:windowSoftInputMode
		ADDED from src\main\AndroidManifest.xml:37:13-68
	android:theme
		ADDED from src\main\AndroidManifest.xml:36:13-52
	android:name
		ADDED from src\main\AndroidManifest.xml:34:13-52
activity#com.hyphenate.chatuidemo.ui.RegisterActivity
ADDED from src\main\AndroidManifest.xml:40:9-44:71
	android:screenOrientation
		ADDED from src\main\AndroidManifest.xml:42:13-49
	android:windowSoftInputMode
		ADDED from src\main\AndroidManifest.xml:44:13-68
	android:theme
		ADDED from src\main\AndroidManifest.xml:43:13-52
	android:name
		ADDED from src\main\AndroidManifest.xml:41:13-48
activity#com.hyphenate.chatuidemo.ui.ChatActivity
ADDED from src\main\AndroidManifest.xml:46:9-51:58
	android:screenOrientation
		ADDED from src\main\AndroidManifest.xml:49:13-49
	android:launchMode
		ADDED from src\main\AndroidManifest.xml:48:13-44
	android:windowSoftInputMode
		ADDED from src\main\AndroidManifest.xml:51:13-55
	android:theme
		ADDED from src\main\AndroidManifest.xml:50:13-52
	android:name
		ADDED from src\main\AndroidManifest.xml:47:13-44
activity#com.hyphenate.chatuidemo.ui.AddContactActivity
ADDED from src\main\AndroidManifest.xml:53:9-57:58
	android:screenOrientation
		ADDED from src\main\AndroidManifest.xml:55:13-49
	android:windowSoftInputMode
		ADDED from src\main\AndroidManifest.xml:57:13-55
	android:theme
		ADDED from src\main\AndroidManifest.xml:56:13-52
	android:name
		ADDED from src\main\AndroidManifest.xml:54:13-50
activity#com.hyphenate.chatuidemo.ui.GroupDetailsActivity
ADDED from src\main\AndroidManifest.xml:59:9-62:55
	android:screenOrientation
		ADDED from src\main\AndroidManifest.xml:61:13-49
	android:theme
		ADDED from src\main\AndroidManifest.xml:62:13-52
	android:name
		ADDED from src\main\AndroidManifest.xml:60:13-52
activity#com.hyphenate.chatuidemo.ui.GroupsActivity
ADDED from src\main\AndroidManifest.xml:64:9-68:55
	android:screenOrientation
		ADDED from src\main\AndroidManifest.xml:66:13-49
	android:windowSoftInputMode
		ADDED from src\main\AndroidManifest.xml:68:13-52
	android:theme
		ADDED from src\main\AndroidManifest.xml:67:13-52
	android:name
		ADDED from src\main\AndroidManifest.xml:65:13-46
activity#com.hyphenate.chatuidemo.ui.ChatRoomDetailsActivity
ADDED from src\main\AndroidManifest.xml:71:9-74:55
	android:screenOrientation
		ADDED from src\main\AndroidManifest.xml:73:13-49
	android:theme
		ADDED from src\main\AndroidManifest.xml:74:13-52
	android:name
		ADDED from src\main\AndroidManifest.xml:72:13-55
activity#com.hyphenate.chatuidemo.ui.NewChatRoomActivity
ADDED from src\main\AndroidManifest.xml:76:9-80:55
	android:screenOrientation
		ADDED from src\main\AndroidManifest.xml:78:13-49
	android:windowSoftInputMode
		ADDED from src\main\AndroidManifest.xml:80:13-52
	android:theme
		ADDED from src\main\AndroidManifest.xml:79:13-52
	android:name
		ADDED from src\main\AndroidManifest.xml:77:13-51
activity#com.hyphenate.chatuidemo.ui.NewGroupActivity
ADDED from src\main\AndroidManifest.xml:83:9-87:55
	android:screenOrientation
		ADDED from src\main\AndroidManifest.xml:85:13-49
	android:windowSoftInputMode
		ADDED from src\main\AndroidManifest.xml:87:13-52
	android:theme
		ADDED from src\main\AndroidManifest.xml:86:13-52
	android:name
		ADDED from src\main\AndroidManifest.xml:84:13-48
activity#com.hyphenate.chatuidemo.ui.ExitGroupDialog
ADDED from src\main\AndroidManifest.xml:89:9-92:58
	android:screenOrientation
		ADDED from src\main\AndroidManifest.xml:91:13-49
	android:theme
		ADDED from src\main\AndroidManifest.xml:92:13-55
	android:name
		ADDED from src\main\AndroidManifest.xml:90:13-47
activity#com.hyphenate.chatuidemo.ui.GroupPickContactsActivity
ADDED from src\main\AndroidManifest.xml:94:9-98:55
	android:screenOrientation
		ADDED from src\main\AndroidManifest.xml:96:13-49
	android:windowSoftInputMode
		ADDED from src\main\AndroidManifest.xml:98:13-52
	android:theme
		ADDED from src\main\AndroidManifest.xml:97:13-52
	android:name
		ADDED from src\main\AndroidManifest.xml:95:13-57
activity#com.hyphenate.chatuidemo.ui.PickAtUserActivity
ADDED from src\main\AndroidManifest.xml:99:9-102:55
	android:screenOrientation
		ADDED from src\main\AndroidManifest.xml:101:13-49
	android:theme
		ADDED from src\main\AndroidManifest.xml:102:13-52
	android:name
		ADDED from src\main\AndroidManifest.xml:100:13-50
activity#com.hyphenate.easeui.ui.EaseBaiduMapActivity
ADDED from src\main\AndroidManifest.xml:104:9-107:55
	android:screenOrientation
		ADDED from src\main\AndroidManifest.xml:106:13-49
	android:theme
		ADDED from src\main\AndroidManifest.xml:107:13-52
	android:name
		ADDED from src\main\AndroidManifest.xml:105:13-72
activity#com.hyphenate.chatuidemo.ui.NewFriendsMsgActivity
ADDED from src\main\AndroidManifest.xml:110:9-113:55
	android:screenOrientation
		ADDED from src\main\AndroidManifest.xml:112:13-49
	android:theme
		ADDED from src\main\AndroidManifest.xml:113:13-52
	android:name
		ADDED from src\main\AndroidManifest.xml:111:13-53
activity#com.hyphenate.chatuidemo.ui.ForwardMessageActivity
ADDED from src\main\AndroidManifest.xml:115:9-119:55
	android:screenOrientation
		ADDED from src\main\AndroidManifest.xml:117:13-49
	android:windowSoftInputMode
		ADDED from src\main\AndroidManifest.xml:119:13-52
	android:theme
		ADDED from src\main\AndroidManifest.xml:118:13-52
	android:name
		ADDED from src\main\AndroidManifest.xml:116:13-54
activity#com.hyphenate.chatuidemo.ui.ContextMenuActivity
ADDED from src\main\AndroidManifest.xml:121:9-124:52
	android:screenOrientation
		ADDED from src\main\AndroidManifest.xml:123:13-49
	android:theme
		ADDED from src\main\AndroidManifest.xml:124:13-49
	android:name
		ADDED from src\main\AndroidManifest.xml:122:13-51
activity#com.hyphenate.easeui.ui.EaseShowBigImageActivity
ADDED from src\main\AndroidManifest.xml:126:9-129:55
	android:screenOrientation
		ADDED from src\main\AndroidManifest.xml:128:13-49
	android:theme
		ADDED from src\main\AndroidManifest.xml:129:13-52
	android:name
		ADDED from src\main\AndroidManifest.xml:127:13-76
activity#com.hyphenate.easeui.ui.EaseShowNormalFileActivity
ADDED from src\main\AndroidManifest.xml:131:9-134:55
	android:screenOrientation
		ADDED from src\main\AndroidManifest.xml:133:13-49
	android:theme
		ADDED from src\main\AndroidManifest.xml:134:13-52
	android:name
		ADDED from src\main\AndroidManifest.xml:132:13-78
activity#com.hyphenate.chatuidemo.ui.BlacklistActivity
ADDED from src\main\AndroidManifest.xml:136:9-139:55
	android:screenOrientation
		ADDED from src\main\AndroidManifest.xml:138:13-49
	android:theme
		ADDED from src\main\AndroidManifest.xml:139:13-52
	android:name
		ADDED from src\main\AndroidManifest.xml:137:13-49
activity#com.hyphenate.chatuidemo.ui.PublicGroupsActivity
ADDED from src\main\AndroidManifest.xml:142:9-146:55
	android:screenOrientation
		ADDED from src\main\AndroidManifest.xml:144:13-49
	android:windowSoftInputMode
		ADDED from src\main\AndroidManifest.xml:146:13-52
	android:theme
		ADDED from src\main\AndroidManifest.xml:145:13-52
	android:name
		ADDED from src\main\AndroidManifest.xml:143:13-52
activity#com.hyphenate.chatuidemo.ui.PublicChatRoomsActivity
ADDED from src\main\AndroidManifest.xml:147:9-151:55
	android:screenOrientation
		ADDED from src\main\AndroidManifest.xml:149:13-49
	android:windowSoftInputMode
		ADDED from src\main\AndroidManifest.xml:151:13-52
	android:theme
		ADDED from src\main\AndroidManifest.xml:150:13-52
	android:name
		ADDED from src\main\AndroidManifest.xml:148:13-55
activity#com.hyphenate.chatuidemo.ui.VoiceCallActivity
ADDED from src\main\AndroidManifest.xml:154:9-158:51
	android:screenOrientation
		ADDED from src\main\AndroidManifest.xml:157:13-49
	android:launchMode
		ADDED from src\main\AndroidManifest.xml:156:13-44
	android:theme
		ADDED from src\main\AndroidManifest.xml:158:13-48
	android:name
		ADDED from src\main\AndroidManifest.xml:155:13-49
activity#com.hyphenate.chatuidemo.ui.VideoCallActivity
ADDED from src\main\AndroidManifest.xml:160:9-165:55
	android:screenOrientation
		ADDED from src\main\AndroidManifest.xml:164:13-49
	android:launchMode
		ADDED from src\main\AndroidManifest.xml:163:13-44
	android:configChanges
		ADDED from src\main\AndroidManifest.xml:162:13-74
	android:theme
		ADDED from src\main\AndroidManifest.xml:165:13-52
	android:name
		ADDED from src\main\AndroidManifest.xml:161:13-49
activity#com.hyphenate.chatuidemo.conference.ConferenceActivity
ADDED from src\main\AndroidManifest.xml:167:9-172:55
	android:screenOrientation
		ADDED from src\main\AndroidManifest.xml:171:13-49
	android:launchMode
		ADDED from src\main\AndroidManifest.xml:170:13-44
	android:configChanges
		ADDED from src\main\AndroidManifest.xml:169:13-74
	android:theme
		ADDED from src\main\AndroidManifest.xml:172:13-52
	android:name
		ADDED from src\main\AndroidManifest.xml:168:13-58
activity#com.hyphenate.chatuidemo.conference.ConferenceInviteJoinActivity
ADDED from src\main\AndroidManifest.xml:174:9-178:55
	android:screenOrientation
		ADDED from src\main\AndroidManifest.xml:177:13-49
	android:configChanges
		ADDED from src\main\AndroidManifest.xml:176:13-74
	android:theme
		ADDED from src\main\AndroidManifest.xml:178:13-52
	android:name
		ADDED from src\main\AndroidManifest.xml:175:13-68
activity#com.hyphenate.chatuidemo.ui.GroupSimpleDetailActivity
ADDED from src\main\AndroidManifest.xml:180:9-183:55
	android:screenOrientation
		ADDED from src\main\AndroidManifest.xml:182:13-49
	android:theme
		ADDED from src\main\AndroidManifest.xml:183:13-52
	android:name
		ADDED from src\main\AndroidManifest.xml:181:13-57
activity#com.hyphenate.chatuidemo.ui.GroupBlacklistActivity
ADDED from src\main\AndroidManifest.xml:185:9-188:55
	android:screenOrientation
		ADDED from src\main\AndroidManifest.xml:187:13-49
	android:theme
		ADDED from src\main\AndroidManifest.xml:188:13-52
	android:name
		ADDED from src\main\AndroidManifest.xml:186:13-54
activity#com.hyphenate.chatuidemo.ui.GroupSearchMessageActivity
ADDED from src\main\AndroidManifest.xml:189:9-193:58
	android:screenOrientation
		ADDED from src\main\AndroidManifest.xml:191:13-49
	android:windowSoftInputMode
		ADDED from src\main\AndroidManifest.xml:193:13-55
	android:theme
		ADDED from src\main\AndroidManifest.xml:192:13-52
	android:name
		ADDED from src\main\AndroidManifest.xml:190:13-58
activity#com.hyphenate.chatuidemo.ui.PublicGroupsSeachActivity
ADDED from src\main\AndroidManifest.xml:194:9-197:55
	android:screenOrientation
		ADDED from src\main\AndroidManifest.xml:196:13-49
	android:theme
		ADDED from src\main\AndroidManifest.xml:197:13-52
	android:name
		ADDED from src\main\AndroidManifest.xml:195:13-57
activity#com.hyphenate.chatuidemo.ui.EditActivity
ADDED from src\main\AndroidManifest.xml:198:9-202:58
	android:screenOrientation
		ADDED from src\main\AndroidManifest.xml:200:13-49
	android:windowSoftInputMode
		ADDED from src\main\AndroidManifest.xml:202:13-55
	android:theme
		ADDED from src\main\AndroidManifest.xml:201:13-52
	android:name
		ADDED from src\main\AndroidManifest.xml:199:13-44
activity#com.hyphenate.chatuidemo.ui.SharedFilesActivity
ADDED from src\main\AndroidManifest.xml:203:9-206:55
	android:screenOrientation
		ADDED from src\main\AndroidManifest.xml:205:13-49
	android:theme
		ADDED from src\main\AndroidManifest.xml:206:13-52
	android:name
		ADDED from src\main\AndroidManifest.xml:204:13-51
activity#com.hyphenate.easeui.ui.EaseShowVideoActivity
ADDED from src\main\AndroidManifest.xml:207:9-211:63
	android:screenOrientation
		ADDED from src\main\AndroidManifest.xml:209:13-49
	android:windowSoftInputMode
		ADDED from src\main\AndroidManifest.xml:211:13-60
	android:theme
		ADDED from src\main\AndroidManifest.xml:210:13-52
	android:name
		ADDED from src\main\AndroidManifest.xml:208:13-73
activity#com.hyphenate.easeui.ui.EaseDingMsgSendActivity
ADDED from src\main\AndroidManifest.xml:213:9-217:63
	android:screenOrientation
		ADDED from src\main\AndroidManifest.xml:215:13-49
	android:windowSoftInputMode
		ADDED from src\main\AndroidManifest.xml:217:13-60
	android:theme
		ADDED from src\main\AndroidManifest.xml:216:13-52
	android:name
		ADDED from src\main\AndroidManifest.xml:214:13-75
activity#com.hyphenate.easeui.ui.EaseDingAckUserListActivity
ADDED from src\main\AndroidManifest.xml:219:9-223:63
	android:screenOrientation
		ADDED from src\main\AndroidManifest.xml:221:13-49
	android:windowSoftInputMode
		ADDED from src\main\AndroidManifest.xml:223:13-60
	android:theme
		ADDED from src\main\AndroidManifest.xml:222:13-52
	android:name
		ADDED from src\main\AndroidManifest.xml:220:13-79
activity#com.hyphenate.chatuidemo.ui.ImageGridActivity
ADDED from src\main\AndroidManifest.xml:225:9-229:63
	android:screenOrientation
		ADDED from src\main\AndroidManifest.xml:227:13-49
	android:windowSoftInputMode
		ADDED from src\main\AndroidManifest.xml:229:13-60
	android:theme
		ADDED from src\main\AndroidManifest.xml:228:13-52
	android:name
		ADDED from src\main\AndroidManifest.xml:226:13-49
activity#com.hyphenate.chatuidemo.ui.RecorderVideoActivity
ADDED from src\main\AndroidManifest.xml:230:9-234:63
	android:screenOrientation
		ADDED from src\main\AndroidManifest.xml:232:13-49
	android:windowSoftInputMode
		ADDED from src\main\AndroidManifest.xml:234:13-60
	android:theme
		ADDED from src\main\AndroidManifest.xml:233:13-52
	android:name
		ADDED from src\main\AndroidManifest.xml:231:13-53
activity#com.hyphenate.chatuidemo.ui.DiagnoseActivity
ADDED from src\main\AndroidManifest.xml:236:9-240:63
	android:screenOrientation
		ADDED from src\main\AndroidManifest.xml:238:13-49
	android:windowSoftInputMode
		ADDED from src\main\AndroidManifest.xml:240:13-60
	android:theme
		ADDED from src\main\AndroidManifest.xml:239:13-52
	android:name
		ADDED from src\main\AndroidManifest.xml:237:13-48
activity#com.hyphenate.chatuidemo.ui.MultiDeviceActivity
ADDED from src\main\AndroidManifest.xml:241:9-245:63
	android:screenOrientation
		ADDED from src\main\AndroidManifest.xml:243:13-49
	android:windowSoftInputMode
		ADDED from src\main\AndroidManifest.xml:245:13-60
	android:theme
		ADDED from src\main\AndroidManifest.xml:244:13-52
	android:name
		ADDED from src\main\AndroidManifest.xml:242:13-51
activity#com.hyphenate.chatuidemo.ui.NamePasswordActivity
ADDED from src\main\AndroidManifest.xml:246:9-249:55
	android:screenOrientation
		ADDED from src\main\AndroidManifest.xml:248:13-49
	android:theme
		ADDED from src\main\AndroidManifest.xml:249:13-52
	android:name
		ADDED from src\main\AndroidManifest.xml:247:13-52
activity#com.hyphenate.chatuidemo.ui.OfflinePushNickActivity
ADDED from src\main\AndroidManifest.xml:252:9-256:63
	android:screenOrientation
		ADDED from src\main\AndroidManifest.xml:254:13-49
	android:windowSoftInputMode
		ADDED from src\main\AndroidManifest.xml:256:13-60
	android:theme
		ADDED from src\main\AndroidManifest.xml:255:13-52
	android:name
		ADDED from src\main\AndroidManifest.xml:253:13-55
activity#com.hyphenate.chatuidemo.ui.RobotsActivity
ADDED from src\main\AndroidManifest.xml:258:9-262:63
	android:screenOrientation
		ADDED from src\main\AndroidManifest.xml:260:13-49
	android:windowSoftInputMode
		ADDED from src\main\AndroidManifest.xml:262:13-60
	android:theme
		ADDED from src\main\AndroidManifest.xml:261:13-52
	android:name
		ADDED from src\main\AndroidManifest.xml:259:13-46
activity#com.hyphenate.chatuidemo.ui.UserProfileActivity
ADDED from src\main\AndroidManifest.xml:264:9-267:55
	android:screenOrientation
		ADDED from src\main\AndroidManifest.xml:266:13-49
	android:theme
		ADDED from src\main\AndroidManifest.xml:267:13-52
	android:name
		ADDED from src\main\AndroidManifest.xml:265:13-51
activity#com.hyphenate.chatuidemo.ui.SetServersActivity
ADDED from src\main\AndroidManifest.xml:268:9-271:55
	android:screenOrientation
		ADDED from src\main\AndroidManifest.xml:270:13-49
	android:theme
		ADDED from src\main\AndroidManifest.xml:271:13-52
	android:name
		ADDED from src\main\AndroidManifest.xml:269:13-50
activity#com.hyphenate.chatuidemo.ui.OfflinePushSettingsActivity
ADDED from src\main\AndroidManifest.xml:272:9-275:55
	android:screenOrientation
		ADDED from src\main\AndroidManifest.xml:274:13-49
	android:theme
		ADDED from src\main\AndroidManifest.xml:275:13-52
	android:name
		ADDED from src\main\AndroidManifest.xml:273:13-59
activity#com.hyphenate.chatuidemo.ui.CallOptionActivity
ADDED from src\main\AndroidManifest.xml:276:9-279:55
	android:screenOrientation
		ADDED from src\main\AndroidManifest.xml:278:13-49
	android:theme
		ADDED from src\main\AndroidManifest.xml:279:13-52
	android:name
		ADDED from src\main\AndroidManifest.xml:277:13-50
receiver#com.hyphenate.chatuidemo.receiver.StartServiceReceiver
ADDED from src\main\AndroidManifest.xml:282:9-289:20
	android:name
		ADDED from src\main\AndroidManifest.xml:282:19-64
intent-filter#android.intent.action.BOOT_COMPLETED+android.intent.action.QUICKBOOT_POWERON+android.intent.category.LAUNCHER
ADDED from src\main\AndroidManifest.xml:283:13-288:29
	android:priority
		ADDED from src\main\AndroidManifest.xml:283:28-51
action#android.intent.action.BOOT_COMPLETED
ADDED from src\main\AndroidManifest.xml:284:17-79
	android:name
		ADDED from src\main\AndroidManifest.xml:284:25-76
action#android.intent.action.QUICKBOOT_POWERON
ADDED from src\main\AndroidManifest.xml:285:17-82
	android:name
		ADDED from src\main\AndroidManifest.xml:285:25-79
category#android.intent.category.LAUNCHER
ADDED from src\main\AndroidManifest.xml:287:17-77
	android:name
		ADDED from src\main\AndroidManifest.xml:287:27-74
service#com.hyphenate.chatuidemo.fcm.EMFCMMSGService
ADDED from src\main\AndroidManifest.xml:292:9-296:19
	android:name
		ADDED from src\main\AndroidManifest.xml:292:18-53
intent-filter#com.google.firebase.MESSAGING_EVENT
ADDED from src\main\AndroidManifest.xml:293:13-295:29
action#com.google.firebase.MESSAGING_EVENT
ADDED from src\main\AndroidManifest.xml:294:17-78
	android:name
		ADDED from src\main\AndroidManifest.xml:294:25-75
service#com.hyphenate.chatuidemo.fcm.EMFCMTokenRefreshService
ADDED from src\main\AndroidManifest.xml:298:9-302:19
	android:name
		ADDED from src\main\AndroidManifest.xml:298:18-62
intent-filter#com.google.firebase.INSTANCE_ID_EVENT
ADDED from src\main\AndroidManifest.xml:299:13-301:29
action#com.google.firebase.INSTANCE_ID_EVENT
ADDED from src\main\AndroidManifest.xml:300:17-80
	android:name
		ADDED from src\main\AndroidManifest.xml:300:25-77
service#com.xiaomi.mipush.sdk.PushMessageHandler
ADDED from src\main\AndroidManifest.xml:306:9-310:46
	android:enabled
		ADDED from src\main\AndroidManifest.xml:308:13-35
	android:exported
		ADDED from src\main\AndroidManifest.xml:309:13-36
	tools:ignore
		ADDED from src\main\AndroidManifest.xml:310:13-43
	android:name
		ADDED from src\main\AndroidManifest.xml:307:13-68
service#com.xiaomi.mipush.sdk.MessageHandleService
ADDED from src\main\AndroidManifest.xml:311:9-313:38
	android:enabled
		ADDED from src\main\AndroidManifest.xml:313:13-35
	android:name
		ADDED from src\main\AndroidManifest.xml:312:13-70
receiver#com.hyphenate.chat.EMMipushReceiver
ADDED from src\main\AndroidManifest.xml:315:9-328:20
	android:exported
		ADDED from src\main\AndroidManifest.xml:317:13-36
	tools:ignore
		ADDED from src\main\AndroidManifest.xml:318:13-44
	android:name
		ADDED from src\main\AndroidManifest.xml:316:13-63
intent-filter#com.xiaomi.mipush.RECEIVE_MESSAGE
ADDED from src\main\AndroidManifest.xml:319:13-321:29
action#com.xiaomi.mipush.RECEIVE_MESSAGE
ADDED from src\main\AndroidManifest.xml:320:17-76
	android:name
		ADDED from src\main\AndroidManifest.xml:320:25-73
intent-filter#com.xiaomi.mipush.MESSAGE_ARRIVED
ADDED from src\main\AndroidManifest.xml:322:13-324:29
action#com.xiaomi.mipush.MESSAGE_ARRIVED
ADDED from src\main\AndroidManifest.xml:323:17-76
	android:name
		ADDED from src\main\AndroidManifest.xml:323:25-73
intent-filter#com.xiaomi.mipush.ERROR
ADDED from src\main\AndroidManifest.xml:325:13-327:29
action#com.xiaomi.mipush.ERROR
ADDED from src\main\AndroidManifest.xml:326:17-66
	android:name
		ADDED from src\main\AndroidManifest.xml:326:25-63
meta-data#com.huawei.hms.client.appid
ADDED from src\main\AndroidManifest.xml:332:9-334:40
	android:value
		ADDED from src\main\AndroidManifest.xml:334:13-37
	android:name
		ADDED from src\main\AndroidManifest.xml:333:13-55
receiver#com.hyphenate.chat.EMHWPushReceiver
ADDED from src\main\AndroidManifest.xml:336:9-347:20
	android:name
		ADDED from src\main\AndroidManifest.xml:336:19-69
intent-filter#com.huawei.android.push.intent.CLICK+com.huawei.android.push.intent.RECEIVE+com.huawei.android.push.intent.REGISTRATION+com.huawei.intent.action.PUSH_STATE
ADDED from src\main\AndroidManifest.xml:337:13-346:29
action#com.huawei.android.push.intent.REGISTRATION
ADDED from src\main\AndroidManifest.xml:339:17-86
	android:name
		ADDED from src\main\AndroidManifest.xml:339:25-83
action#com.huawei.android.push.intent.RECEIVE
ADDED from src\main\AndroidManifest.xml:341:17-81
	android:name
		ADDED from src\main\AndroidManifest.xml:341:25-78
action#com.huawei.android.push.intent.CLICK
ADDED from src\main\AndroidManifest.xml:343:17-79
	android:name
		ADDED from src\main\AndroidManifest.xml:343:25-76
action#com.huawei.intent.action.PUSH_STATE
ADDED from src\main\AndroidManifest.xml:345:17-78
	android:name
		ADDED from src\main\AndroidManifest.xml:345:25-75
receiver#com.huawei.hms.support.api.push.PushEventReceiver
ADDED from src\main\AndroidManifest.xml:349:9-354:20
	android:name
		ADDED from src\main\AndroidManifest.xml:349:19-83
intent-filter#com.huawei.intent.action.PUSH
ADDED from src\main\AndroidManifest.xml:350:13-353:29
action#com.huawei.intent.action.PUSH
ADDED from src\main\AndroidManifest.xml:352:17-72
	android:name
		ADDED from src\main\AndroidManifest.xml:352:25-69
meta-data#EASEMOB_APPKEY
ADDED from src\main\AndroidManifest.xml:358:9-360:55
	android:value
		ADDED from src\main\AndroidManifest.xml:360:13-52
	android:name
		ADDED from src\main\AndroidManifest.xml:359:13-42
service#com.hyphenate.chat.EMChatService
ADDED from src\main\AndroidManifest.xml:362:9-365:46
	android:exported
		ADDED from src\main\AndroidManifest.xml:364:13-36
	tools:ignore
		ADDED from src\main\AndroidManifest.xml:365:13-43
	android:name
		ADDED from src\main\AndroidManifest.xml:363:13-60
service#com.hyphenate.chat.EMJobService
ADDED from src\main\AndroidManifest.xml:366:9-369:72
	android:exported
		ADDED from src\main\AndroidManifest.xml:368:13-36
	android:permission
		ADDED from src\main\AndroidManifest.xml:369:13-69
	android:name
		ADDED from src\main\AndroidManifest.xml:367:13-59
receiver#com.hyphenate.chat.EMMonitorReceiver
ADDED from src\main\AndroidManifest.xml:372:9-383:20
	android:name
		ADDED from src\main\AndroidManifest.xml:372:19-70
intent-filter#android.intent.action.PACKAGE_REMOVED
ADDED from src\main\AndroidManifest.xml:373:13-377:29
action#android.intent.action.PACKAGE_REMOVED
ADDED from src\main\AndroidManifest.xml:374:17-80
	android:name
		ADDED from src\main\AndroidManifest.xml:374:25-77
data
ADDED from src\main\AndroidManifest.xml:376:17-50
	android:scheme
		ADDED from src\main\AndroidManifest.xml:376:23-47
intent-filter#android.intent.action.BOOT_COMPLETED+android.intent.action.USER_PRESENT
ADDED from src\main\AndroidManifest.xml:379:13-382:29
action#android.intent.action.USER_PRESENT
ADDED from src\main\AndroidManifest.xml:381:17-77
	android:name
		ADDED from src\main\AndroidManifest.xml:381:25-74
service#com.baidu.location.f
ADDED from src\main\AndroidManifest.xml:386:9-389:41
	android:process
		ADDED from src\main\AndroidManifest.xml:389:13-38
	android:enabled
		ADDED from src\main\AndroidManifest.xml:388:13-35
	android:name
		ADDED from src\main\AndroidManifest.xml:387:13-48
meta-data#com.baidu.lbsapi.API_KEY
ADDED from src\main\AndroidManifest.xml:390:9-392:64
	android:value
		ADDED from src\main\AndroidManifest.xml:392:13-61
	android:name
		ADDED from src\main\AndroidManifest.xml:391:13-52
uses-sdk
INJECTED from src\main\AndroidManifest.xml reason: use-sdk injection requested
INJECTED from src\main\AndroidManifest.xml
INJECTED from src\main\AndroidManifest.xml
INJECTED from src\main\AndroidManifest.xml
INJECTED from src\main\AndroidManifest.xml
	android:targetSdkVersion
		INJECTED from src\main\AndroidManifest.xml
		ADDED from src\main\AndroidManifest.xml
		INJECTED from src\main\AndroidManifest.xml
	android:minSdkVersion
		INJECTED from src\main\AndroidManifest.xml
		ADDED from src\main\AndroidManifest.xml
		INJECTED from src\main\AndroidManifest.xml